0 info it worked if it ends with ok
1 verbose cli [ 'C:\\Program Files\\nodejs\\\\node.exe',
1 verbose cli   'C:\\Program Files\\nodejs\\node_modules\\npm\\bin\\npm-cli.js',
1 verbose cli   'install',
1 verbose cli   'pdfparser' ]
2 info using npm@1.4.3
3 info using node@v0.10.26
4 verbose node symlink C:\Program Files\nodejs\\node.exe
5 verbose readDependencies using package.json deps
6 verbose cache add [ 'pdfparser', null ]
7 verbose cache add name=undefined spec="pdfparser" args=["pdfparser",null]
8 verbose parsed url { protocol: null,
8 verbose parsed url   slashes: null,
8 verbose parsed url   auth: null,
8 verbose parsed url   host: null,
8 verbose parsed url   port: null,
8 verbose parsed url   hostname: null,
8 verbose parsed url   hash: null,
8 verbose parsed url   search: null,
8 verbose parsed url   query: null,
8 verbose parsed url   pathname: 'pdfparser',
8 verbose parsed url   path: 'pdfparser',
8 verbose parsed url   href: 'pdfparser' }
9 silly lockFile 65cd1c78-pdfparser pdfparser
10 verbose lock pdfparser C:\Users\Grv\AppData\Roaming\npm-cache\65cd1c78-pdfparser.lock
11 silly lockFile 65cd1c78-pdfparser pdfparser
12 silly lockFile 65cd1c78-pdfparser pdfparser
13 verbose addNamed [ 'pdfparser', '' ]
14 verbose addNamed [ null, '*' ]
15 silly lockFile b74b9709-pdfparser pdfparser@
16 verbose lock pdfparser@ C:\Users\Grv\AppData\Roaming\npm-cache\b74b9709-pdfparser.lock
17 silly addNameRange { name: 'pdfparser', range: '*', hasData: false }
18 verbose url raw pdfparser
19 verbose url resolving [ 'https://registry.npmjs.org/', './pdfparser' ]
20 verbose url resolved https://registry.npmjs.org/pdfparser
21 info trying registry request attempt 1 at 14:51:09
22 http GET https://registry.npmjs.org/pdfparser
23 http 404 https://registry.npmjs.org/pdfparser
24 silly registry.get cb [ 404,
24 silly registry.get   { 'content-type': 'application/json',
24 silly registry.get     'cache-control': 'max-age=0',
24 silly registry.get     'content-length': '2',
24 silly registry.get     'accept-ranges': 'bytes',
24 silly registry.get     date: 'Sat, 05 Dec 2015 22:51:14 GMT',
24 silly registry.get     via: '1.1 varnish',
24 silly registry.get     age: '0',
24 silly registry.get     connection: 'keep-alive',
24 silly registry.get     'x-served-by': 'cache-lax1420-LAX',
24 silly registry.get     'x-cache': 'MISS',
24 silly registry.get     'x-cache-hits': '0',
24 silly registry.get     'x-timer': 'S1449355874.379758,VS0,VE50' } ]
25 silly addNameRange number 2 { name: 'pdfparser', range: '*', hasData: true }
26 silly addNameRange versions [ undefined, [] ]
27 error TypeError: Cannot read property 'latest' of undefined
27 error     at next (C:\Program Files\nodejs\node_modules\npm\lib\cache.js:744:35)
27 error     at C:\Program Files\nodejs\node_modules\npm\lib\cache.js:732:5
27 error     at saved (C:\Program Files\nodejs\node_modules\npm\node_modules\npm-registry-client\lib\get.js:148:7)
27 error     at C:\Program Files\nodejs\node_modules\npm\node_modules\graceful-fs\polyfills.js:133:7
27 error     at Object.oncomplete (fs.js:107:15)
28 error If you need help, you may report this *entire* log,
28 error including the npm and node versions, at:
28 error     <http://github.com/npm/npm/issues>
29 error System Windows_NT 6.2.9200
30 error command "C:\\Program Files\\nodejs\\\\node.exe" "C:\\Program Files\\nodejs\\node_modules\\npm\\bin\\npm-cli.js" "install" "pdfparser"
31 error cwd C:\Users\Grv\git\Intuitive-Predictions-EHR
32 error node -v v0.10.26
33 error npm -v 1.4.3
34 error type non_object_property_load
35 verbose exit [ 1, true ]
